<?xml version="1.0" encoding="UTF-8"?>
<coverage generated="1696350058896" clover="3.2.0">
  <project timestamp="1696350058896" name="All files">
    <metrics statements="6" coveredstatements="6" conditionals="2" coveredconditionals="2" methods="1" coveredmethods="1" elements="9" coveredelements="9" complexity="0" loc="6" ncloc="6" packages="1" files="1" classes="1"/>
    <file name="dz.js" path="/home/bruno/Programiranje/ALGEBRA RADIONICA/Java_Script/dan14/domaca_zadaca/dz.js">
      <metrics statements="6" coveredstatements="6" conditionals="2" coveredconditionals="2" methods="1" coveredmethods="1"/>
      <line num="8" count="3" type="stmt"/>
      <line num="9" count="3" type="stmt"/>
      <line num="10" count="32" type="cond" truecount="2" falsecount="0"/>
      <line num="11" count="18" type="stmt"/>
      <line num="14" count="3" type="stmt"/>
      <line num="19" count="1" type="stmt"/>
    </file>
  </project>
</coverage>
